<?xml version="1.0" encoding="UTF-8"?>
<testng-results ignored="0" total="3" passed="3" failed="0" skipped="0">
  <reporter-output>
  </reporter-output>
  <suite started-at="2021-12-21T18:41:15 IST" name="Default suite" finished-at="2021-12-21T18:42:04 IST" duration-ms="48924">
    <groups>
    </groups>
    <test started-at="2021-12-21T18:41:15 IST" name="Default test" finished-at="2021-12-21T18:42:04 IST" duration-ms="48924">
      <class name="Testing.NewTest">
        <test-method is-config="true" signature="SETUP()[pri:0, instance:Testing.NewTest@67080771]" started-at="2021-12-21T18:41:15 IST" name="SETUP" finished-at="2021-12-21T18:41:21 IST" duration-ms="5856" status="PASS">
          <reporter-output>
          </reporter-output>
        </test-method> <!-- SETUP -->
        <test-method signature="ChkSIGNUPLINK()[pri:1, instance:Testing.NewTest@67080771]" started-at="2021-12-21T18:41:21 IST" name="ChkSIGNUPLINK" finished-at="2021-12-21T18:41:22 IST" duration-ms="1338" status="PASS">
          <reporter-output>
          </reporter-output>
        </test-method> <!-- ChkSIGNUPLINK -->
        <test-method signature="Signup()[pri:2, instance:Testing.NewTest@67080771]" started-at="2021-12-21T18:41:22 IST" name="Signup" finished-at="2021-12-21T18:42:02 IST" duration-ms="40399" status="PASS">
          <reporter-output>
          </reporter-output>
        </test-method> <!-- Signup -->
        <test-method signature="ChkLOGIN()[pri:3, instance:Testing.NewTest@67080771]" started-at="2021-12-21T18:42:02 IST" name="ChkLOGIN" finished-at="2021-12-21T18:42:04 IST" duration-ms="1283" status="PASS">
          <reporter-output>
          </reporter-output>
        </test-method> <!-- ChkLOGIN -->
      </class> <!-- Testing.NewTest -->
    </test> <!-- Default test -->
  </suite> <!-- Default suite -->
</testng-results>
